<?xml version="1.0" encoding="UTF-8"?>
<!-- Generated by org.testng.reporters.JUnitReportReporter -->
<testsuite hostname="INLEN8520066132" failures="0" tests="3" name="api.test.StoreTests" time="2.993" errors="0" timestamp="2024-05-06T16:51:42 IST" skipped="0">
  <testcase classname="api.test.StoreTests" name="testPostUser" time="1.010"/>
  <system-out/>
  <testcase classname="api.test.StoreTests" name="testGetUserByName" time="0.974"/>
  <system-out/>
  <testcase classname="api.test.StoreTests" name="testDeleteUserByName" time="1.009"/>
  <system-out/>
</testsuite> <!-- api.test.StoreTests -->
