<?xml version="1.0" encoding="UTF-8"?>
<!-- Generated by org.testng.reporters.JUnitReportReporter -->
<testsuite hostname="INLEN8520066132" failures="0" tests="4" name="api.test.UserTests" time="7.667" errors="0" timestamp="2024-05-06T16:51:42 IST" skipped="0">
  <testcase classname="api.test.UserTests" name="testPostUser" time="3.617"/>
  <system-out/>
  <testcase classname="api.test.UserTests" name="testGetUserByName" time="1.036"/>
  <system-out/>
  <testcase classname="api.test.UserTests" name="testUpdateUserByName" time="1.988"/>
  <system-out/>
  <testcase classname="api.test.UserTests" name="testDeleteUserByName" time="1.026"/>
  <system-out/>
</testsuite> <!-- api.test.UserTests -->
