<?xml version="1.0" encoding="UTF-8"?>
<!-- Generated by org.testng.reporters.JUnitReportReporter -->
<testsuite hostname="INLEN8520066132" failures="0" tests="3" name="api.test.StoreTests" time="2.949" errors="0" timestamp="2024-05-06T17:00:13 IST" skipped="0">
  <testcase classname="api.test.StoreTests" name="placeOrderForPet" time="0.997"/>
  <system-out/>
  <testcase classname="api.test.StoreTests" name="findPetByID" time="0.972"/>
  <system-out/>
  <testcase classname="api.test.StoreTests" name="deletePet" time="0.980"/>
  <system-out/>
</testsuite> <!-- api.test.StoreTests -->
