<?xml version="1.0" encoding="UTF-8"?>
<!-- Generated by org.testng.reporters.JUnitReportReporter -->
<testsuite hostname="INLEN8520066132" failures="0" tests="4" name="api.test.UserTests" time="6.592" errors="0" timestamp="2024-05-06T17:00:13 IST" skipped="0">
  <testcase classname="api.test.UserTests" name="testPostUser" time="2.624"/>
  <system-out/>
  <testcase classname="api.test.UserTests" name="testGetUserByName" time="1.041"/>
  <system-out/>
  <testcase classname="api.test.UserTests" name="testUpdateUserByName" time="1.989"/>
  <system-out/>
  <testcase classname="api.test.UserTests" name="testDeleteUserByName" time="0.938"/>
  <system-out/>
</testsuite> <!-- api.test.UserTests -->
